0 info it worked if it ends with ok
1 verbose cli [ 'C:\\Program Files\\nodejs\\\\node.exe',
1 verbose cli   'C:\\Program Files\\nodejs\\node_modules\\npm\\bin\\npm-cli.js',
1 verbose cli   'publish' ]
2 info using npm@2.5.1
3 info using node@v0.12.0
4 verbose node symlink C:\Program Files\nodejs\\node.exe
5 verbose publish [ '.' ]
6 silly cache add args [ '.', null ]
7 verbose cache add spec .
8 silly cache add parsed spec { raw: '.',
8 silly cache add   scope: null,
8 silly cache add   name: null,
8 silly cache add   rawSpec: '.',
8 silly cache add   spec: 'e:\\ankit\\log-it',
8 silly cache add   type: 'directory' }
9 verbose addLocalDirectory C:\Users\Ankit\AppData\Roaming\npm-cache\log-it\0.1.0\package.tgz not in flight; packing
10 verbose tar pack [ 'C:\\Users\\Ankit\\AppData\\Roaming\\npm-cache\\log-it\\0.1.0\\package.tgz',
10 verbose tar pack   'e:\\ankit\\log-it' ]
11 verbose tarball C:\Users\Ankit\AppData\Roaming\npm-cache\log-it\0.1.0\package.tgz
12 verbose folder e:\ankit\log-it
13 info prepublish log-it@0.1.0
14 verbose addLocalTarball adding from inside cache C:\Users\Ankit\AppData\Roaming\npm-cache\log-it\0.1.0\package.tgz
15 silly cache afterAdd log-it@0.1.0
16 verbose afterAdd C:\Users\Ankit\AppData\Roaming\npm-cache\log-it\0.1.0\package\package.json not in flight; writing
17 verbose afterAdd C:\Users\Ankit\AppData\Roaming\npm-cache\log-it\0.1.0\package\package.json written
18 silly publish { name: 'log-it',
18 silly publish   version: '0.1.0',
18 silly publish   description: 'A small library providing methods for logging',
18 silly publish   main: 'index.js',
18 silly publish   scripts: { test: 'echo "Error: no test specified" && exit 1' },
18 silly publish   repository: { type: 'git', url: 'git://github.com/ankitjaggi/log-it.git' },
18 silly publish   author:
18 silly publish    { name: 'Ankit Jaggi',
18 silly publish      email: 'ankit.jaggi@live.in',
18 silly publish      url: 'http://ankitjaggi.com' },
18 silly publish   license: 'MIT',
18 silly publish   devDependencies: { chai: '^3.5.0', mocha: '^2.4.5' },
18 silly publish   dependencies: { chalk: '^1.1.1' },
18 silly publish   readme: 'log-it\r\n=========\r\n\r\nA small library providing methods for logging\r\n\r\n## Installation\r\n\r\n  npm install log-it --save\r\n\r\n## Usage\r\n\r\n  var log_it = require(\'log-it\');\r\n\r\n  log_it.log(\'This will appear in white\');\r\n  log_it.debug(\'This will appear in yellow\');\r\n  log_it.error(\'This will appear in red\');\r\n\r\n\r\n## Release History\r\n\r\n* 0.1.0 Initial release',
18 silly publish   readmeFilename: 'README.md',
18 silly publish   gitHead: 'a756337928718b6e26b9286c17173355593eee0f',
18 silly publish   bugs: { url: 'https://github.com/ankitjaggi/log-it/issues' },
18 silly publish   homepage: 'https://github.com/ankitjaggi/log-it',
18 silly publish   _id: 'log-it@0.1.0',
18 silly publish   _shasum: 'a60ea18d75e09481800601f030ac071efebac8ac',
18 silly publish   _from: '.' }
19 silly mapToRegistry name log-it
20 silly mapToRegistry using default registry
21 silly mapToRegistry registry http://registry.npmjs.org/
22 silly mapToRegistry uri http://registry.npmjs.org/log-it
23 verbose publish registryBase http://registry.npmjs.org/
24 silly publish uploading C:\Users\Ankit\AppData\Roaming\npm-cache\log-it\0.1.0\package.tgz
25 verbose request uri http://registry.npmjs.org/log-it
26 verbose request sending authorization for write operation
27 info attempt registry request try #1 at 11:46:50 AM
28 verbose request using bearer token for auth
29 verbose request id 2bb40367d5c680e3
30 http request PUT http://registry.npmjs.org/log-it
31 http 403 http://registry.npmjs.org/log-it
32 verbose headers { 'content-type': 'application/json',
32 verbose headers   'cache-control': 'max-age=300',
32 verbose headers   'content-length': '98',
32 verbose headers   'accept-ranges': 'bytes',
32 verbose headers   date: 'Mon, 21 Mar 2016 06:16:51 GMT',
32 verbose headers   via: '1.1 varnish',
32 verbose headers   connection: 'keep-alive',
32 verbose headers   'x-served-by': 'cache-sin6925-SIN',
32 verbose headers   'x-cache': 'MISS',
32 verbose headers   'x-cache-hits': '0',
32 verbose headers   'x-timer': 'S1458541010.396576,VS0,VE774' }
33 verbose request invalidating C:\Users\Ankit\AppData\Roaming\npm-cache\registry.npmjs.org\log-it on PUT
34 error publish Failed PUT 403
35 verbose stack Error: You do not have permission to publish 'log-it'. Are you logged in as the correct user? : log-it
35 verbose stack     at CachingRegistryClient.<anonymous> (C:\Program Files\nodejs\node_modules\npm\node_modules\npm-registry-client\lib\request.js:254:14)
35 verbose stack     at Request._callback (C:\Program Files\nodejs\node_modules\npm\node_modules\npm-registry-client\lib\request.js:178:14)
35 verbose stack     at Request.self.callback (C:\Program Files\nodejs\node_modules\npm\node_modules\request\request.js:344:22)
35 verbose stack     at Request.emit (events.js:110:17)
35 verbose stack     at Request.<anonymous> (C:\Program Files\nodejs\node_modules\npm\node_modules\request\request.js:1239:14)
35 verbose stack     at Request.emit (events.js:129:20)
35 verbose stack     at IncomingMessage.<anonymous> (C:\Program Files\nodejs\node_modules\npm\node_modules\request\request.js:1187:12)
35 verbose stack     at IncomingMessage.emit (events.js:129:20)
35 verbose stack     at _stream_readable.js:908:16
35 verbose stack     at process._tickCallback (node.js:355:11)
36 verbose statusCode 403
37 verbose pkgid log-it
38 verbose cwd e:\ankit\log-it
39 error Windows_NT 6.3.9600
40 error argv "C:\\Program Files\\nodejs\\\\node.exe" "C:\\Program Files\\nodejs\\node_modules\\npm\\bin\\npm-cli.js" "publish"
41 error node v0.12.0
42 error npm  v2.5.1
43 error code E403
44 error You do not have permission to publish 'log-it'. Are you logged in as the correct user? : log-it
45 error If you need help, you may report this error at:
45 error     <http://github.com/npm/npm/issues>
46 verbose exit [ 1, true ]
